0 verbose cli C:\Program Files\nodejs\node.exe C:\Program Files\nodejs\node_modules\npm\bin\npm-cli.js
1 info using npm@9.6.7
2 info using node@v18.17.1
3 timing npm:load:whichnode Completed in 3ms
4 timing config:load:defaults Completed in 3ms
5 timing config:load:file:C:\Program Files\nodejs\node_modules\npm\npmrc Completed in 6ms
6 timing config:load:builtin Completed in 6ms
7 timing config:load:cli Completed in 2ms
8 timing config:load:env Completed in 1ms
9 timing config:load:file:C:\dpanZbh\git-lint-end\.npmrc Completed in 1ms
10 timing config:load:project Completed in 4ms
11 timing config:load:file:C:\Users\zhangbinghui\.npmrc Completed in 1ms
12 timing config:load:user Completed in 1ms
13 timing config:load:file:C:\dpanZbh\git-lint-end\Program Files\nodejs\node_global\etc\npmrc Completed in 0ms
14 timing config:load:global Completed in 1ms
15 timing config:load:setEnvs Completed in 1ms
16 timing config:load Completed in 19ms
17 timing npm:load:configload Completed in 19ms
18 timing npm:load:mkdirpcache Completed in 1ms
19 timing npm:load:mkdirplogs Completed in 1ms
20 verbose title npm install git-commit-msg-linter
21 verbose argv "install" "git-commit-msg-linter" "--save-dev"
22 timing npm:load:setTitle Completed in 1ms
23 timing config:load:flatten Completed in 4ms
24 timing npm:load:display Completed in 6ms
25 verbose logfile logs-max:10 dir:C:\dpanZbh\git-lint-end\Program Files\nodejs\node_cache\_logs\2023-08-22T03_47_06_679Z-
26 verbose logfile C:\dpanZbh\git-lint-end\Program Files\nodejs\node_cache\_logs\2023-08-22T03_47_06_679Z-debug-0.log
27 timing npm:load:logFile Completed in 12ms
28 timing npm:load:timers Completed in 0ms
29 timing npm:load:configScope Completed in 0ms
30 timing npm:load Completed in 43ms
31 timing arborist:ctor Completed in 1ms
32 silly logfile done cleaning log files
33 timing idealTree:init Completed in 11ms
34 timing idealTree:userRequests Completed in 3ms
35 silly idealTree buildDeps
36 silly fetch manifest git-commit-msg-linter@*
37 timing arborist:ctor Completed in 0ms
38 http fetch GET 200 https://registry.npmmirror.com/git-commit-msg-linter 296ms (cache miss)
39 silly placeDep ROOT git-commit-msg-linter@5.0.4 OK for: git-commit-lint@1.0.0 want: *
40 silly fetch manifest chalk@^2.4.2
41 silly fetch manifest commit-msg-linter@^1.0.0
42 http fetch GET 200 https://registry.npmmirror.com/npm 406ms (cache miss)
43 http fetch GET 200 https://registry.npmmirror.com/chalk 106ms (cache miss)
44 http fetch GET 200 https://registry.npmmirror.com/commit-msg-linter 199ms (cache miss)
45 timing idealTree:#root Completed in 507ms
46 silly placeDep ROOT chalk@2.4.2 OK for: git-commit-msg-linter@5.0.4 want: ^2.4.2
47 silly fetch manifest ansi-styles@^3.2.1
48 silly fetch manifest escape-string-regexp@^1.0.5
49 silly fetch manifest supports-color@^5.3.0
50 silly placeDep ROOT commit-msg-linter@1.0.0 OK for: git-commit-msg-linter@5.0.4 want: ^1.0.0
51 silly fetch manifest did-you-mean@^0.0.1
52 silly fetch manifest supports-color@^8.1.1
53 http fetch GET 200 https://registry.npmmirror.com/ansi-styles 68ms (cache miss)
54 http fetch GET 200 https://registry.npmmirror.com/supports-color 89ms (cache miss)
55 http fetch GET 200 https://registry.npmmirror.com/escape-string-regexp 100ms (cache miss)
56 http fetch GET 200 https://registry.npmmirror.com/supports-color 146ms (cache hit)
57 http fetch GET 200 https://registry.npmmirror.com/did-you-mean 171ms (cache miss)
58 timing idealTree:node_modules/git-commit-msg-linter Completed in 179ms
59 silly placeDep ROOT ansi-styles@3.2.1 OK for: chalk@2.4.2 want: ^3.2.1
60 silly fetch manifest color-convert@^1.9.0
61 silly placeDep ROOT escape-string-regexp@1.0.5 OK for: chalk@2.4.2 want: ^1.0.5
62 silly placeDep ROOT supports-color@5.5.0 OK for: chalk@2.4.2 want: ^5.3.0
63 silly fetch manifest has-flag@^3.0.0
64 http fetch GET 200 https://registry.npmmirror.com/has-flag 94ms (cache miss)
65 http fetch GET 200 https://registry.npmmirror.com/color-convert 129ms (cache miss)
66 timing idealTree:node_modules/chalk Completed in 135ms
67 silly placeDep ROOT color-convert@1.9.3 OK for: ansi-styles@3.2.1 want: ^1.9.0
68 silly fetch manifest color-name@1.1.3
69 http fetch GET 200 https://registry.npmmirror.com/color-name 100ms (cache miss)
70 timing idealTree:node_modules/ansi-styles Completed in 105ms
71 silly placeDep ROOT color-name@1.1.3 OK for: color-convert@1.9.3 want: 1.1.3
72 timing idealTree:node_modules/color-convert Completed in 2ms
73 timing idealTree:node_modules/color-name Completed in 0ms
74 silly placeDep ROOT did-you-mean@0.0.1 OK for: commit-msg-linter@1.0.0 want: ^0.0.1
75 silly fetch manifest levenshtein@*
76 silly fetch manifest underscore@*
77 silly placeDep node_modules/commit-msg-linter supports-color@8.1.1 OK for: commit-msg-linter@1.0.0 want: ^8.1.1
78 silly fetch manifest has-flag@^4.0.0
79 http fetch GET 200 https://registry.npmmirror.com/underscore 117ms (cache miss)
80 http fetch GET 200 https://registry.npmmirror.com/levenshtein 162ms (cache miss)
81 timing idealTree:node_modules/commit-msg-linter Completed in 165ms
82 silly placeDep ROOT levenshtein@1.0.5 OK for: did-you-mean@0.0.1 want: *
83 silly placeDep ROOT underscore@1.13.6 OK for: did-you-mean@0.0.1 want: *
84 timing idealTree:node_modules/did-you-mean Completed in 3ms
85 timing idealTree:node_modules/escape-string-regexp Completed in 0ms
86 timing idealTree:node_modules/levenshtein Completed in 0ms
87 silly placeDep ROOT has-flag@3.0.0 OK for: supports-color@5.5.0 want: ^3.0.0
88 timing idealTree:node_modules/supports-color Completed in 2ms
89 timing idealTree:node_modules/has-flag Completed in 0ms
90 timing idealTree:node_modules/underscore Completed in 0ms
91 silly placeDep node_modules/commit-msg-linter has-flag@4.0.0 OK for: supports-color@8.1.1 want: ^4.0.0
92 timing idealTree:node_modules/commit-msg-linter/node_modules/supports-color Completed in 3ms
93 timing idealTree:node_modules/commit-msg-linter/node_modules/has-flag Completed in 0ms
94 timing idealTree:buildDeps Completed in 1103ms
95 timing idealTree:fixDepFlags Completed in 1ms
96 timing idealTree Completed in 1119ms
97 timing reify:loadTrees Completed in 1121ms
98 timing reify:diffTrees Completed in 2ms
99 silly reify moves {}
100 timing reify:retireShallow Completed in 1ms
101 timing reify:createSparse Completed in 8ms
102 timing reify:loadBundles Completed in 0ms
103 silly audit bulk request {
103 silly audit   'git-commit-msg-linter': [ '5.0.4' ],
103 silly audit   chalk: [ '2.4.2' ],
103 silly audit   'commit-msg-linter': [ '1.0.0' ],
103 silly audit   'ansi-styles': [ '3.2.1' ],
103 silly audit   'escape-string-regexp': [ '1.0.5' ],
103 silly audit   'supports-color': [ '5.5.0', '8.1.1' ],
103 silly audit   'color-convert': [ '1.9.3' ],
103 silly audit   'color-name': [ '1.1.3' ],
103 silly audit   'did-you-mean': [ '0.0.1' ],
103 silly audit   levenshtein: [ '1.0.5' ],
103 silly audit   underscore: [ '1.13.6' ],
103 silly audit   'has-flag': [ '3.0.0', '4.0.0' ]
103 silly audit }
104 silly tarball no local data for underscore@https://registry.npmmirror.com/underscore/-/underscore-1.13.6.tgz. Extracting by manifest.
105 silly tarball no local data for has-flag@https://registry.npmmirror.com/has-flag/-/has-flag-3.0.0.tgz. Extracting by manifest.
106 silly tarball no local data for did-you-mean@https://registry.npmmirror.com/did-you-mean/-/did-you-mean-0.0.1.tgz. Extracting by manifest.
107 silly tarball no local data for color-name@https://registry.npmmirror.com/color-name/-/color-name-1.1.3.tgz. Extracting by manifest.
108 silly tarball no local data for levenshtein@https://registry.npmmirror.com/levenshtein/-/levenshtein-1.0.5.tgz. Extracting by manifest.
109 silly tarball no local data for supports-color@https://registry.npmmirror.com/supports-color/-/supports-color-5.5.0.tgz. Extracting by manifest.
110 silly tarball no local data for color-convert@https://registry.npmmirror.com/color-convert/-/color-convert-1.9.3.tgz. Extracting by manifest.
111 silly tarball no local data for escape-string-regexp@https://registry.npmmirror.com/escape-string-regexp/-/escape-string-regexp-1.0.5.tgz. Extracting by manifest.
112 silly tarball no local data for ansi-styles@https://registry.npmmirror.com/ansi-styles/-/ansi-styles-3.2.1.tgz. Extracting by manifest.
113 silly tarball no local data for commit-msg-linter@https://registry.npmmirror.com/commit-msg-linter/-/commit-msg-linter-1.0.0.tgz. Extracting by manifest.
114 silly tarball no local data for git-commit-msg-linter@https://registry.npmmirror.com/git-commit-msg-linter/-/git-commit-msg-linter-5.0.4.tgz. Extracting by manifest.
115 silly tarball no local data for chalk@https://registry.npmmirror.com/chalk/-/chalk-2.4.2.tgz. Extracting by manifest.
116 silly tarball no local data for supports-color@https://registry.npmmirror.com/supports-color/-/supports-color-8.1.1.tgz. Extracting by manifest.
117 silly tarball no local data for has-flag@https://registry.npmmirror.com/has-flag/-/has-flag-4.0.0.tgz. Extracting by manifest.
118 http fetch GET 200 https://cdn.npmmirror.com/packages/has-flag/3.0.0/has-flag-3.0.0.tgz 215ms (cache miss)
119 timing reifyNode:node_modules/has-flag Completed in 258ms
120 http fetch GET 200 https://cdn.npmmirror.com/packages/ansi-styles/3.2.1/ansi-styles-3.2.1.tgz 242ms (cache miss)
121 timing reifyNode:node_modules/ansi-styles Completed in 282ms
122 http fetch GET 200 https://cdn.npmmirror.com/packages/escape-string-regexp/1.0.5/escape-string-regexp-1.0.5.tgz 326ms (cache miss)
123 http fetch GET 200 https://cdn.npmmirror.com/packages/supports-color/8.1.1/supports-color-8.1.1.tgz 322ms (cache miss)
124 timing reifyNode:node_modules/escape-string-regexp Completed in 358ms
125 http fetch GET 200 https://cdn.npmmirror.com/packages/chalk/2.4.2/chalk-2.4.2.tgz 362ms (cache miss)
126 timing reifyNode:node_modules/commit-msg-linter/node_modules/supports-color Completed in 394ms
127 http fetch GET 200 https://cdn.npmmirror.com/packages/color-name/1.1.3/color-name-1.1.3.tgz 380ms (cache miss)
128 http fetch GET 200 https://cdn.npmmirror.com/packages/color-convert/1.9.3/color-convert-1.9.3.tgz 383ms (cache miss)
129 http fetch GET 200 https://cdn.npmmirror.com/packages/supports-color/5.5.0/supports-color-5.5.0.tgz 388ms (cache miss)
130 http fetch GET 200 https://cdn.npmmirror.com/packages/has-flag/4.0.0/has-flag-4.0.0.tgz 380ms (cache miss)
131 timing reifyNode:node_modules/color-convert Completed in 418ms
132 timing reifyNode:node_modules/supports-color Completed in 420ms
133 http fetch GET 200 https://cdn.npmmirror.com/packages/did-you-mean/0.0.1/did-you-mean-0.0.1.tgz 403ms (cache miss)
134 timing reifyNode:node_modules/commit-msg-linter/node_modules/has-flag Completed in 440ms
135 timing reifyNode:node_modules/did-you-mean Completed in 441ms
136 timing reifyNode:node_modules/color-name Completed in 443ms
137 timing reifyNode:node_modules/chalk Completed in 447ms
138 http fetch GET 200 https://cdn.npmmirror.com/packages/commit-msg-linter/1.0.0/commit-msg-linter-1.0.0.tgz 427ms (cache miss)
139 timing reifyNode:node_modules/commit-msg-linter Completed in 459ms
140 http fetch GET 200 https://cdn.npmmirror.com/packages/git-commit-msg-linter/5.0.4/git-commit-msg-linter-5.0.4.tgz 521ms (cache miss)
141 timing reifyNode:node_modules/git-commit-msg-linter Completed in 585ms
142 http fetch GET 200 https://cdn.npmmirror.com/packages/levenshtein/1.0.5/levenshtein-1.0.5.tgz 568ms (cache miss)
143 timing reifyNode:node_modules/levenshtein Completed in 590ms
144 http fetch GET 200 https://cdn.npmmirror.com/packages/underscore/1.13.6/underscore-1.13.6.tgz 2512ms (cache miss)
145 timing reifyNode:node_modules/underscore Completed in 2535ms
146 timing reify:unpack Completed in 2536ms
147 timing reify:unretire Completed in 0ms
148 timing build:queue Completed in 2ms
149 timing build:link:node_modules/git-commit-msg-linter Completed in 27ms
150 timing build:link Completed in 27ms
151 info run git-commit-msg-linter@5.0.4 install node_modules/git-commit-msg-linter node install.js
152 info run git-commit-msg-linter@5.0.4 install { code: 0, signal: null }
153 timing build:run:install:node_modules/git-commit-msg-linter Completed in 789ms
154 timing build:run:install Completed in 790ms
155 timing build:deps Completed in 819ms
156 timing build Completed in 819ms
157 timing reify:build Completed in 819ms
158 timing reify:trash Completed in 0ms
159 timing reify:save Completed in 17ms
160 http fetch POST 501 https://registry.npmmirror.com/-/npm/v1/security/advisories/bulk 71008ms attempt #3 (cache skip)
161 silly audit bulk request failed [object Object]
162 http fetch POST 501 https://registry.npmmirror.com/-/npm/v1/security/audits/quick 70835ms attempt #3 (cache skip)
163 verbose audit error HttpErrorGeneral: 501 Method Not Implemented - POST https://registry.npmmirror.com/-/npm/v1/security/audits/quick - [NOT_IMPLEMENTED] /-/npm/v1/security/audits/quick not implemented yet
163 verbose audit error     at C:\Program Files\nodejs\node_modules\npm\node_modules\npm-registry-fetch\lib\check-response.js:95:15
163 verbose audit error     at process.processTicksAndRejections (node:internal/process/task_queues:95:5)
163 verbose audit error     at async [getReport] (C:\Program Files\nodejs\node_modules\npm\node_modules\@npmcli\arborist\lib\audit-report.js:335:21)
163 verbose audit error     at async AuditReport.run (C:\Program Files\nodejs\node_modules\npm\node_modules\@npmcli\arborist\lib\audit-report.js:106:19)
163 verbose audit error     at async Arborist.reify (C:\Program Files\nodejs\node_modules\npm\node_modules\@npmcli\arborist\lib\arborist\reify.js:179:24)
163 verbose audit error     at async Install.exec (C:\Program Files\nodejs\node_modules\npm\lib\commands\install.js:147:5)
163 verbose audit error     at async module.exports (C:\Program Files\nodejs\node_modules\npm\lib\cli.js:89:5) {
163 verbose audit error   headers: [Object: null prototype] {
163 verbose audit error     server: [ 'Tengine' ],
163 verbose audit error     'content-type': [ 'application/json; charset=utf-8' ],
163 verbose audit error     'content-length': [ '81' ],
163 verbose audit error     connection: [ 'keep-alive' ],
163 verbose audit error     'strict-transport-security': [ 'max-age=5184000' ],
163 verbose audit error     date: [ 'Tue, 22 Aug 2023 03:49:30 GMT' ],
163 verbose audit error     vary: [ 'Origin' ],
163 verbose audit error     'request-id': [ 'e5f4a510-409e-11ee-a4f1-c763c5ab955e' ],
163 verbose audit error     'x-frame-options': [ 'SAMEORIGIN' ],
163 verbose audit error     'x-xss-protection': [ '1; mode=block' ],
163 verbose audit error     'x-content-type-options': [ 'nosniff' ],
163 verbose audit error     'x-download-options': [ 'noopen' ],
163 verbose audit error     'x-readtime': [ '0.557' ],
163 verbose audit error     'ali-swift-global-savetime': [ '1692676170' ],
163 verbose audit error     via: [
163 verbose audit error       'cache29.l2cm9-10[0,0,501-0,H], cache21.l2cm9-10[1,0], kunlun7.cn1593[271,270,501-1281,M], kunlun1.cn1593[273,0]'
163 verbose audit error     ],
163 verbose audit error     'ali-swift-origin-error-flag': [ 'orig,501,0' ],
163 verbose audit error     age: [ '0' ],
163 verbose audit error     'x-cache': [ 'MISS TCP_MISS dirn:-2:-2' ],
163 verbose audit error     'x-swift-savetime': [ 'Tue, 22 Aug 2023 03:49:30 GMT' ],
163 verbose audit error     'x-swift-cachetime': [ '1' ],
163 verbose audit error     'x-swift-error': [ 'orig response 5xx error' ],
163 verbose audit error     'timing-allow-origin': [ '*' ],
163 verbose audit error     eagleid: [ '76b4389516926761700904437e' ],
163 verbose audit error     'x-fetch-attempts': [ '3' ],
163 verbose audit error     'x-local-cache-status': [ 'skip' ]
163 verbose audit error   },
163 verbose audit error   statusCode: 501,
163 verbose audit error   code: 'E501',
163 verbose audit error   method: 'POST',
163 verbose audit error   uri: 'https://registry.npmmirror.com/-/npm/v1/security/audits/quick',
163 verbose audit error   body: {
163 verbose audit error     error: '[NOT_IMPLEMENTED] /-/npm/v1/security/audits/quick not implemented yet'
163 verbose audit error   },
163 verbose audit error   pkgid: undefined
163 verbose audit error }
164 silly audit error [object Object]
165 timing auditReport:getReport Completed in 141858ms
166 silly audit report null
167 timing reify:audit Completed in 141859ms
168 timing reify Completed in 143008ms
169 silly ADD node_modules/has-flag
170 silly ADD node_modules/underscore
171 silly ADD node_modules/levenshtein
172 silly ADD node_modules/did-you-mean
173 silly ADD node_modules/color-name
174 silly ADD node_modules/color-convert
175 silly ADD node_modules/supports-color
176 silly ADD node_modules/escape-string-regexp
177 silly ADD node_modules/ansi-styles
178 silly ADD node_modules/commit-msg-linter
179 silly ADD node_modules/commit-msg-linter/node_modules/has-flag
180 silly ADD node_modules/commit-msg-linter/node_modules/supports-color
181 silly ADD node_modules/chalk
182 silly ADD node_modules/git-commit-msg-linter
183 timing command:install Completed in 143014ms
184 notice
184 notice New [33mminor[39m version of npm available! [31m9.6.7[39m -> [32m9.8.1[39m
184 notice Changelog: [36mhttps://github.com/npm/cli/releases/tag/v9.8.1[39m
184 notice Run [32mnpm install -g npm@9.8.1[39m to update!
184 notice
185 verbose exit 0
186 timing npm Completed in 143699ms
187 info ok
