0 verbose cli C:\Program Files\nodejs\node.exe C:\Program Files\nodejs\node_modules\npm\bin\npm-cli.js
1 info using npm@9.6.7
2 info using node@v18.17.1
3 timing npm:load:whichnode Completed in 2ms
4 timing config:load:defaults Completed in 2ms
5 timing config:load:file:C:\Program Files\nodejs\node_modules\npm\npmrc Completed in 4ms
6 timing config:load:builtin Completed in 5ms
7 timing config:load:cli Completed in 2ms
8 timing config:load:env Completed in 1ms
9 timing config:load:project Completed in 1ms
10 timing config:load:file:C:\Users\zhangbinghui\.npmrc Completed in 2ms
11 timing config:load:user Completed in 2ms
12 timing config:load:file:C:\dpanZbh\git-lint-end\Program Files\nodejs\node_global\etc\npmrc Completed in 0ms
13 timing config:load:global Completed in 1ms
14 timing config:load:setEnvs Completed in 1ms
15 timing config:load Completed in 15ms
16 timing npm:load:configload Completed in 15ms
17 timing npm:load:mkdirpcache Completed in 1ms
18 timing npm:load:mkdirplogs Completed in 1ms
19 verbose title npm uninstall git-commit-msg-linter
20 verbose argv "uninstall" "--global" "git-commit-msg-linter"
21 timing npm:load:setTitle Completed in 2ms
22 timing config:load:flatten Completed in 5ms
23 timing npm:load:display Completed in 7ms
24 verbose logfile logs-max:10 dir:C:\dpanZbh\git-lint-end\Program Files\nodejs\node_cache\_logs\2023-08-28T11_07_28_356Z-
25 verbose logfile C:\dpanZbh\git-lint-end\Program Files\nodejs\node_cache\_logs\2023-08-28T11_07_28_356Z-debug-0.log
26 timing npm:load:logFile Completed in 14ms
27 timing npm:load:timers Completed in 0ms
28 timing npm:load:configScope Completed in 0ms
29 timing npm:load Completed in 44ms
30 timing config:load:flatten Completed in 0ms
31 timing arborist:ctor Completed in 1ms
32 timing idealTree:init Completed in 7ms
33 timing idealTree:userRequests Completed in 0ms
34 silly idealTree buildDeps
35 timing idealTree:#root Completed in 0ms
36 timing idealTree:buildDeps Completed in 1ms
37 timing idealTree:fixDepFlags Completed in 1ms
38 timing idealTree Completed in 10ms
39 timing reify:loadTrees Completed in 11ms
40 timing reify:diffTrees Completed in 0ms
41 silly reify moves {}
42 timing reify:retireShallow Completed in 2ms
43 timing reify:createSparse Completed in 0ms
44 timing reify:loadBundles Completed in 0ms
45 timing reify:unpack Completed in 1ms
46 timing reify:unretire Completed in 0ms
47 timing build:queue Completed in 0ms
48 timing build:deps Completed in 0ms
49 timing build Completed in 1ms
50 timing reify:build Completed in 1ms
51 timing reify:trash Completed in 0ms
52 timing reify Completed in 26ms
53 timing command:uninstall Completed in 33ms
54 verbose exit 0
55 timing npm Completed in 2161ms
56 info ok
